# JRE version: OpenJDK Runtime Environment (11.0.10) (build 11.0.10+0-b96-7249189)
# Java VM: OpenJDK 64-Bit Server VM (11.0.10+0-b96-7249189, mixed mode, tiered, compressed oops, g1 gc, windows-amd64)
Heap:
 garbage-first heap   total 524288K, used 514746K [0x00000000e0000000, 0x0000000100000000)
  region size 1024K, 25 young (25600K), 3 survivors (3072K)
 Metaspace       used 73468K, capacity 78545K, committed 82992K, reserved 1120256K
  class space    used 7953K, capacity 10210K, committed 11648K, reserved 1048576K
GC Heap History (20 events):
Event: 35.686 GC heap after
{Heap after GC invocations=372 (full 1):
 garbage-first heap   total 524288K, used 490237K [0x00000000e0000000, 0x0000000100000000)
  region size 1024K, 2 young (2048K), 2 survivors (2048K)
 Metaspace       used 73691K, capacity 78898K, committed 82992K, reserved 1120256K
  class space    used 7955K, capacity 10270K, committed 11648K, reserved 1048576K
}
Event: 35.721 GC heap before
{Heap before GC invocations=372 (full 1):
 garbage-first heap   total 524288K, used 513789K [0x00000000e0000000, 0x0000000100000000)
  region size 1024K, 25 young (25600K), 2 survivors (2048K)
 Metaspace       used 73699K, capacity 78898K, committed 82992K, reserved 1120256K
  class space    used 7956K, capacity 10270K, committed 11648K, reserved 1048576K
}
Event: 35.724 GC heap after
{Heap after GC invocations=373 (full 1):
 garbage-first heap   total 524288K, used 490352K [0x00000000e0000000, 0x0000000100000000)
  region size 1024K, 2 young (2048K), 2 survivors (2048K)
 Metaspace       used 73699K, capacity 78898K, committed 82992K, reserved 1120256K
  class space    used 7956K, capacity 10270K, committed 11648K, reserved 1048576K
}
Event: 35.760 GC heap before
{Heap before GC invocations=374 (full 1):
 garbage-first heap   total 524288K, used 513904K [0x00000000e0000000, 0x0000000100000000)
  region size 1024K, 25 young (25600K), 2 survivors (2048K)
 Metaspace       used 73718K, capacity 78913K, committed 82992K, reserved 1120256K
  class space    used 7956K, capacity 10270K, committed 11648K, reserved 1048576K
}
Event: 35.763 GC heap after
{Heap after GC invocations=375 (full 1):
 garbage-first heap   total 524288K, used 490312K [0x00000000e0000000, 0x0000000100000000)
  region size 1024K, 2 young (2048K), 2 survivors (2048K)
 Metaspace       used 73718K, capacity 78913K, committed 82992K, reserved 1120256K
  class space    used 7956K, capacity 10270K, committed 11648K, reserved 1048576K
}
Event: 35.792 GC heap before
{Heap before GC invocations=375 (full 1):
 garbage-first heap   total 524288K, used 513864K [0x00000000e0000000, 0x0000000100000000)
  region size 1024K, 25 young (25600K), 2 survivors (2048K)
 Metaspace       used 73721K, capacity 78913K, committed 82992K, reserved 1120256K
  class space    used 7956K, capacity 10270K, committed 11648K, reserved 1048576K
}
Event: 35.798 GC heap after
{Heap after GC invocations=376 (full 1):
 garbage-first heap   total 524288K, used 490392K [0x00000000e0000000, 0x0000000100000000)
  region size 1024K, 2 young (2048K), 2 survivors (2048K)
 Metaspace       used 73721K, capacity 78913K, committed 82992K, reserved 1120256K
  class space    used 7956K, capacity 10270K, committed 11648K, reserved 1048576K
}
Event: 35.850 GC heap before
{Heap before GC invocations=376 (full 1):
 garbage-first heap   total 524288K, used 513944K [0x00000000e0000000, 0x0000000100000000)
  region size 1024K, 25 young (25600K), 2 survivors (2048K)
 Metaspace       used 73741K, capacity 78931K, committed 82992K, reserved 1120256K
  class space    used 7958K, capacity 10273K, committed 11648K, reserved 1048576K
}
Event: 35.853 GC heap after
{Heap after GC invocations=377 (full 1):
 garbage-first heap   total 524288K, used 490834K [0x00000000e0000000, 0x0000000100000000)
  region size 1024K, 2 young (2048K), 2 survivors (2048K)
 Metaspace       used 73741K, capacity 78931K, committed 82992K, reserved 1120256K
  class space    used 7958K, capacity 10273K, committed 11648K, reserved 1048576K
}
Event: 35.897 GC heap before
{Heap before GC invocations=377 (full 1):
 garbage-first heap   total 524288K, used 514386K [0x00000000e0000000, 0x0000000100000000)
  region size 1024K, 25 young (25600K), 2 survivors (2048K)
 Metaspace       used 73748K, capacity 78933K, committed 82992K, reserved 1120256K
  class space    used 7959K, capacity 10273K, committed 11648K, reserved 1048576K
}
Event: 35.900 GC heap after
{Heap after GC invocations=378 (full 1):
 garbage-first heap   total 524288K, used 491273K [0x00000000e0000000, 0x0000000100000000)
  region size 1024K, 3 young (3072K), 3 survivors (3072K)
 Metaspace       used 73748K, capacity 78933K, committed 82992K, reserved 1120256K
  class space    used 7959K, capacity 10273K, committed 11648K, reserved 1048576K
}
Event: 35.940 GC heap before
{Heap before GC invocations=378 (full 1):
 garbage-first heap   total 524288K, used 513801K [0x00000000e0000000, 0x0000000100000000)
  region size 1024K, 25 young (25600K), 3 survivors (3072K)
 Metaspace       used 73755K, capacity 78933K, committed 82992K, reserved 1120256K
  class space    used 7960K, capacity 10273K, committed 11648K, reserved 1048576K
}
Event: 35.944 GC heap after
{Heap after GC invocations=379 (full 1):
 garbage-first heap   total 524288K, used 491324K [0x00000000e0000000, 0x0000000100000000)
  region size 1024K, 2 young (2048K), 2 survivors (2048K)
 Metaspace       used 73755K, capacity 78933K, committed 82992K, reserved 1120256K
  class space    used 7960K, capacity 10273K, committed 11648K, reserved 1048576K
}
Event: 36.018 GC heap before
{Heap before GC invocations=379 (full 1):
 garbage-first heap   total 524288K, used 514876K [0x00000000e0000000, 0x0000000100000000)
  region size 1024K, 25 young (25600K), 2 survivors (2048K)
 Metaspace       used 73765K, capacity 78939K, committed 82992K, reserved 1120256K
  class space    used 7961K, capacity 10274K, committed 11648K, reserved 1048576K
}
Event: 36.021 GC heap after
{Heap after GC invocations=380 (full 1):
 garbage-first heap   total 524288K, used 491855K [0x00000000e0000000, 0x0000000100000000)
  region size 1024K, 3 young (3072K), 3 survivors (3072K)
 Metaspace       used 73765K, capacity 78939K, committed 82992K, reserved 1120256K
  class space    used 7961K, capacity 10274K, committed 11648K, reserved 1048576K
}
Event: 36.060 GC heap before
{Heap before GC invocations=381 (full 1):
 garbage-first heap   total 524288K, used 514383K [0x00000000e0000000, 0x0000000100000000)
  region size 1024K, 25 young (25600K), 3 survivors (3072K)
 Metaspace       used 73771K, capacity 78939K, committed 82992K, reserved 1120256K
  class space    used 7961K, capacity 10274K, committed 11648K, reserved 1048576K
}
Event: 36.063 GC heap after
{Heap after GC invocations=382 (full 1):
 garbage-first heap   total 524288K, used 491926K [0x00000000e0000000, 0x0000000100000000)
  region size 1024K, 2 young (2048K), 2 survivors (2048K)
 Metaspace       used 73771K, capacity 78939K, committed 82992K, reserved 1120256K
  class space    used 7961K, capacity 10274K, committed 11648K, reserved 1048576K
}
Event: 36.110 GC heap before
{Heap before GC invocations=382 (full 1):
 garbage-first heap   total 524288K, used 515478K [0x00000000e0000000, 0x0000000100000000)
  region size 1024K, 25 young (25600K), 2 survivors (2048K)
 Metaspace       used 73784K, capacity 79009K, committed 82992K, reserved 1120256K
  class space    used 7962K, capacity 10275K, committed 11648K, reserved 1048576K
}
Event: 36.114 GC heap after
{Heap after GC invocations=383 (full 1):
 garbage-first heap   total 524288K, used 492218K [0x00000000e0000000, 0x0000000100000000)
  region size 1024K, 3 young (3072K), 3 survivors (3072K)
 Metaspace       used 73784K, capacity 79009K, committed 82992K, reserved 1120256K
  class space    used 7962K, capacity 10275K, committed 11648K, reserved 1048576K
}
Event: 36.397 GC heap before
{Heap before GC invocations=384 (full 1):
 garbage-first heap   total 524288K, used 514746K [0x00000000e0000000, 0x0000000100000000)
  region size 1024K, 25 young (25600K), 3 survivors (3072K)
 Metaspace       used 73468K, capacity 78545K, committed 82992K, reserved 1120256K
  class space    used 7953K, capacity 10210K, committed 11648K, reserved 1048576K
}

